<?xml version="1.0" encoding="UTF-8"?>
<!-- Generated by org.testng.reporters.JUnitReportReporter -->
<testsuite hostname="SAM" failures="0" tests="1" name="automation_test.samsung.com.ShopAllPhone" time="9.056" errors="0" timestamp="2024-05-30T19:03:08 EDT" skipped="0">
  <testcase classname="automation_test.samsung.com.ShopAllPhone" name="shopAllPhone" time="9.056"/>
</testsuite> <!-- automation_test.samsung.com.ShopAllPhone -->
